
ROM used: 390 (5%)
          390 (5%) including unused fragments

          1 Average locations per line
          3 Average locations per statement

RAM used: 52 (14%) at main() level
          52 (14%) worst case

Stack used: 2 worst case (out of 8 total available)

Lines Stmts  %   Files
----- ----- ---  -----
  208   145 100  semaforoContador2023.c
  413     0   0  C:\Program Files (x86)\PICC\devices\16F886.H
----- -----
  621   145 Total

Page ROM  %  RAM   Vol Diff  Functions:
---- --- --- ---   --- ----  ----------
0    110  28   0  1699  5.9  TIMER1_isr
0     19   5   0    78  1.6  readSignals
0    212  54   0  2621  4.4  MAIN

Program metrics:
    Functions               3
    Statements              145
    Comments                162
    Volume (V)              5120
    Difficilty (D)          12.2
    Effort to implement (E) 62574
    Time to implement (T)   58 minutes
    Est Delivered Bugs (B)  1
    Cyclomatic Complexity   16
    Maintainability (MI)    22

 Segment     Used  Free
-----------  ----  ----
00000-00003     4  0  
00004-00030    45  0  
00031-007FF   341  1658  
00800-00FFF     0  2048  
01000-017FF     0  2048  
01800-01FFF     0  2048  



