
ROM used: 181 (18%)
          181 (18%) including unused fragments

          1 Average locations per line
          12 Average locations per statement

RAM used: 7 (11%) at main() level
          14 (22%) worst case

Stack used: 2 worst case (out of 8 total available)

Lines Stmts  %   Files
----- ----- ---  -----
  114    15 100  tiemposAuxiliar.c
  177     0   0  C:\Program Files (x86)\PICC\devices\12f629.h
----- -----
  291    15 Total

Page ROM  %  RAM   Vol Diff  Functions:
---- --- --- ---   --- ----  ----------
0     20  11   1             @delay_ms1
0     57  31   5    68  2.0  encender
0     29  16   5   139  2.9  @WRITEBITA
 Inline        5    78  1.3  @MUL1616
0     12   7   1    24  1.2  apagar
0     53  29   0   270  2.3  MAIN

Program metrics:
    Functions               5
    Statements              15
    Comments                123
    Volume (V)              851
    Difficilty (D)          9.8
    Effort to implement (E) 8336
    Time to implement (T)   8 minutes
    Est Delivered Bugs (B)  0
    Cyclomatic Complexity   1
    Maintainability (MI)    176

 Segment     Used  Free
-----------  ----  ----
00000-00003     4  0  
00004-003FF   177  843  



